<?xml version="1.0" encoding="UTF-8"?>
<!-- Generated by org.testng.reporters.JUnitReportReporter -->
<testsuite hostname="DESKTOP-K3537LT" failures="0" tests="3" name="com.opencart.tests.RegistrationPageTest" time="10.995" errors="0" timestamp="2024-03-15T10:03:54 IST" skipped="0">
  <testcase classname="com.opencart.tests.RegistrationPageTest" name="userRegTest" time="4.080"/>
  <testcase classname="com.opencart.tests.RegistrationPageTest" name="userRegTest" time="3.654"/>
  <testcase classname="com.opencart.tests.RegistrationPageTest" name="userRegTest" time="3.261"/>
</testsuite> <!-- com.opencart.tests.RegistrationPageTest -->
