<?xml version="1.0" encoding="UTF-8"?>
<!-- Generated by org.testng.reporters.JUnitReportReporter -->
<testsuite hostname="DESKTOP-N2GJ8F5" failures="0" tests="3" name="com.opencart.tests.RegistrationPageTest" time="11.404" errors="0" timestamp="2024-05-16T09:35:24 IST" skipped="0">
  <testcase classname="com.opencart.tests.RegistrationPageTest" name="userRegTest" time="3.520"/>
  <system-out/>
  <testcase classname="com.opencart.tests.RegistrationPageTest" name="userRegTest" time="3.865"/>
  <system-out/>
  <testcase classname="com.opencart.tests.RegistrationPageTest" name="userRegTest" time="4.019"/>
  <system-out/>
</testsuite> <!-- com.opencart.tests.RegistrationPageTest -->
