<?xml version="1.0" encoding="UTF-8"?>
<!-- Generated by org.testng.reporters.JUnitReportReporter -->
<testsuite hostname="DESKTOP-N2GJ8F5" failures="0" tests="1" name="com.opencart.tests.LoginPageTest" time="1.397" errors="0" timestamp="2024-05-16T09:35:24 IST" skipped="0">
  <testcase classname="com.opencart.tests.LoginPageTest" name="loginPageTitleTest" time="1.397"/>
  <system-out/>
</testsuite> <!-- com.opencart.tests.LoginPageTest -->
