<?xml version="1.0" encoding="UTF-8"?>
<!-- Generated by org.testng.reporters.JUnitReportReporter -->
<testsuite hostname="DESKTOP-K3537LT" failures="0" tests="1" name="com.opencart.tests.LoginPageTest" time="2.562" errors="0" timestamp="2024-03-15T10:03:54 IST" skipped="0">
  <testcase classname="com.opencart.tests.LoginPageTest" name="loginPageTitleTest" time="2.562"/>
</testsuite> <!-- com.opencart.tests.LoginPageTest -->
