<?xml version="1.0" encoding="UTF-8"?>
<!-- Generated by org.testng.reporters.JUnitReportReporter -->
<testsuite hostname="DESKTOP-N2GJ8F5" failures="0" tests="1" name="com.opencart.tests.LoginPageTest" time="1.421" errors="0" timestamp="2024-04-17T12:55:10 IST" skipped="0">
  <testcase classname="com.opencart.tests.LoginPageTest" name="loginPageTitleTest" time="1.421"/>
  <system-out/>
</testsuite> <!-- com.opencart.tests.LoginPageTest -->
