<?xml version="1.0" encoding="UTF-8"?>
<!-- Generated by org.testng.reporters.JUnitReportReporter -->
<testsuite hostname="DESKTOP-N2GJ8F5" failures="0" tests="3" name="com.opencart.tests.RegistrationPageTest" time="10.015" errors="0" timestamp="2024-04-17T12:55:10 IST" skipped="0">
  <testcase classname="com.opencart.tests.RegistrationPageTest" name="userRegTest" time="3.074"/>
  <system-out/>
  <testcase classname="com.opencart.tests.RegistrationPageTest" name="userRegTest" time="3.780"/>
  <system-out/>
  <testcase classname="com.opencart.tests.RegistrationPageTest" name="userRegTest" time="3.161"/>
  <system-out/>
</testsuite> <!-- com.opencart.tests.RegistrationPageTest -->
