<?xml version="1.0" encoding="UTF-8"?>
<!-- Generated by org.testng.reporters.JUnitReportReporter -->
<testsuite hostname="DESKTOP-N2GJ8F5" failures="0" tests="3" name="com.opencart.tests.RegistrationPageTest" time="8.831" errors="0" timestamp="2024-05-15T11:24:12 IST" skipped="0">
  <testcase classname="com.opencart.tests.RegistrationPageTest" name="userRegTest" time="2.804"/>
  <system-out/>
  <testcase classname="com.opencart.tests.RegistrationPageTest" name="userRegTest" time="2.691"/>
  <system-out/>
  <testcase classname="com.opencart.tests.RegistrationPageTest" name="userRegTest" time="3.336"/>
  <system-out/>
</testsuite> <!-- com.opencart.tests.RegistrationPageTest -->
