<?xml version="1.0" encoding="UTF-8"?>
<!-- Generated by org.testng.reporters.JUnitReportReporter -->
<testsuite hostname="DESKTOP-K3537LT" failures="0" tests="3" name="com.opencart.tests.RegistrationPageTest" time="8.569" errors="0" timestamp="2024-03-14T14:52:04 IST" skipped="0">
  <testcase classname="com.opencart.tests.RegistrationPageTest" name="userRegTest" time="2.706"/>
  <system-out/>
  <testcase classname="com.opencart.tests.RegistrationPageTest" name="userRegTest" time="3.286"/>
  <system-out/>
  <testcase classname="com.opencart.tests.RegistrationPageTest" name="userRegTest" time="2.577"/>
  <system-out/>
</testsuite> <!-- com.opencart.tests.RegistrationPageTest -->
