<?xml version="1.0" encoding="UTF-8"?>
<!-- Generated by org.testng.reporters.JUnitReportReporter -->
<testsuite hostname="DESKTOP-K3537LT" failures="0" tests="1" name="com.opencart.tests.LoginPageTest" time="0.931" errors="0" timestamp="2024-03-14T14:52:04 IST" skipped="0">
  <testcase classname="com.opencart.tests.LoginPageTest" name="loginPageTitleTest" time="0.931"/>
  <system-out/>
</testsuite> <!-- com.opencart.tests.LoginPageTest -->
